<?xml version="1.0" encoding="UTF-8"?>
<!-- Generated by org.testng.reporters.JUnitReportReporter -->
<testsuite hostname="DESKTOP-TIF1796" failures="0" tests="1" name="com.ThorneAut.LoginTC" time="5.237" errors="0" timestamp="2024-12-12T11:04:20 IST" skipped="0">
  <testcase classname="com.ThorneAut.LoginTC" name="Login" time="5.237"/>
  <system-out/>
</testsuite> <!-- com.ThorneAut.LoginTC -->
