<?xml version="1.0" encoding="UTF-8"?>
<!-- Generated by org.testng.reporters.JUnitReportReporter -->
<testsuite hostname="DESKTOP-TIF1796" failures="0" tests="1" name="com.ThorneAut.DemoTC" time="15.666" errors="0" timestamp="2024-12-13T11:11:18 IST" skipped="0">
  <testcase classname="com.ThorneAut.DemoTC" name="VerifySignupTC" time="15.666"/>
  <system-out/>
</testsuite> <!-- com.ThorneAut.DemoTC -->
